\BOOKMARK [0][-]{chapter.1}{Einleitung und Motivation}{}
\BOOKMARK [0][-]{chapter.2}{\(Physikalische\) Grundlagen}{}
\BOOKMARK [1][-]{section.2.1}{LaTeX\205Distribution und Erstellen des Textes}{chapter.2}
\BOOKMARK [2][-]{subsection.2.1.1}{MiKTeX}{section.2.1}
\BOOKMARK [2][-]{subsection.2.1.2}{Erstellen des Quelltextes und Erzeugen des Dokumentes}{section.2.1}
\BOOKMARK [2][-]{subsection.2.1.3}{Arbeitsumgebung}{section.2.1}
\BOOKMARK [1][-]{section.2.2}{Text, Befehle, Leerzeichen und Kommentare}{chapter.2}
\BOOKMARK [2][-]{subsection.2.2.1}{Text und Befehle}{section.2.2}
\BOOKMARK [2][-]{subsection.2.2.2}{Einige Feinheiten zu Leerzeichen}{section.2.2}
\BOOKMARK [2][-]{subsection.2.2.3}{Kommentare}{section.2.2}
\BOOKMARK [1][-]{section.2.3}{Hervorhebungen, Fu\337noten und Zitate}{chapter.2}
\BOOKMARK [1][-]{section.2.4}{Gliederung der Arbeit und Labels}{chapter.2}
\BOOKMARK [2][-]{subsection.2.4.1}{M\366gliche Gliederungsstruktur}{section.2.4}
\BOOKMARK [2][-]{subsection.2.4.2}{Labels: Referenzierung von Abschnitten}{section.2.4}
\BOOKMARK [1][-]{section.2.5}{Umgebungen}{chapter.2}
\BOOKMARK [0][-]{chapter.3}{Proben}{}
\BOOKMARK [1][-]{section.3.1}{Pr\344paration der Proben}{chapter.3}
\BOOKMARK [2][-]{subsection.3.1.1}{Die figure\205Umgebung}{section.3.1}
\BOOKMARK [0][-]{chapter.4}{Messungen}{}
\BOOKMARK [1][-]{section.4.1}{Die mathematischen Umgebungen}{chapter.4}
\BOOKMARK [1][-]{section.4.2}{Beispiele f\374r die Gestaltung von Formeln}{chapter.4}
\BOOKMARK [1][-]{section.4.3}{Schriftarten in Formeln}{chapter.4}
\BOOKMARK [2][-]{subsection.4.3.1}{Variablen und Text, Indizes und Funktionen}{section.4.3}
\BOOKMARK [2][-]{subsection.4.3.2}{Gr\366\337en, Zahlen und Einheiten}{section.4.3}
\BOOKMARK [0][-]{chapter.5}{Diskussion}{}
\BOOKMARK [1][-]{section.5.1}{Aufz\344hlungen}{chapter.5}
\BOOKMARK [1][-]{section.5.2}{Weitere Formatierungshilfen}{chapter.5}
\BOOKMARK [2][-]{subsection.5.2.1}{\334berstehende Zeilen}{section.5.2}
\BOOKMARK [2][-]{subsection.5.2.2}{Trennhilfen}{section.5.2}
\BOOKMARK [2][-]{subsection.5.2.3}{Nicht zu trennende Ausdr\374cke}{section.5.2}
\BOOKMARK [1][-]{section.5.3}{Eine abschlie\337ende Warnung}{chapter.5}
\BOOKMARK [0][-]{chapter.6}{Zusammenfassung und Ausblick}{}
\BOOKMARK [0][-]{appendix.A}{Herleitung und L\366sung von Gleichung 3}{}
\BOOKMARK [1][-]{section.A.1}{Vorbereitung}{appendix.A}
\BOOKMARK [1][-]{section.A.2}{Herleitung}{appendix.A}
\BOOKMARK [1][-]{section.A.3}{L\366sung}{appendix.A}
\BOOKMARK [0][-]{appendix.B}{Genaue Beschreibung der Auswertemethode}{}
\BOOKMARK [0][-]{appendix*.2}{Literaturverzeichnis}{}
